viewLib/build/intermediates/manifest_merge_blame_file/debug/manifest-merger-blame-debug-report.txt
1<?xml version="1.0" encoding="utf-8"?>
2<manifest xmlns:android="http://schemas.android.com/apk/res/android"
3    package="com.radaee.viewlib"
4    android:versionCode="1"
5    android:versionName="1.0" >
6
7    <uses-sdk
8        android:minSdkVersion="28"
8-->src\main\AndroidManifest.xml
9        android:targetSdkVersion="32" />
9-->src\main\AndroidManifest.xml
10
11    <uses-permission android:name="android.permission.ACCESS_NETWORK_STATE" />
11-->src\main\AndroidManifest.xml:6:5-79
11-->src\main\AndroidManifest.xml:6:22-76
12    <uses-permission android:name="android.permission.WRITE_EXTERNAL_STORAGE" />
12-->src\main\AndroidManifest.xml:7:5-81
12-->src\main\AndroidManifest.xml:7:22-78
13    <uses-permission android:name="android.permission.READ_EXTERNAL_STORAGE" />
13-->src\main\AndroidManifest.xml:8:5-80
13-->src\main\AndroidManifest.xml:8:22-77
14    <uses-permission android:name="android.permission.CAMERA" />
14-->src\main\AndroidManifest.xml:9:5-65
14-->src\main\AndroidManifest.xml:9:22-62
15    <uses-permission android:name="android.permission.RECORD_AUDIO" />
15-->src\main\AndroidManifest.xml:10:5-71
15-->src\main\AndroidManifest.xml:10:22-68
16
17    <uses-feature android:name="android.hardware.camera" />
17-->src\main\AndroidManifest.xml:11:5-60
17-->src\main\AndroidManifest.xml:11:19-57
18    <uses-feature android:name="android.hardware.camera.autofocus" />
18-->src\main\AndroidManifest.xml:12:5-70
18-->src\main\AndroidManifest.xml:12:19-67
19
20    <uses-permission android:name="android.permission.WRITE_EXTERNAL_STORAGE" />
20-->src\main\AndroidManifest.xml:7:5-81
20-->src\main\AndroidManifest.xml:7:22-78
21    <uses-permission android:name="android.permission.INTERNET" />
21-->src\main\AndroidManifest.xml:14:2-64
21-->src\main\AndroidManifest.xml:14:19-61
22
23    <application android:allowBackup="true" >
23-->src\main\AndroidManifest.xml:15:5-23:19
23-->src\main\AndroidManifest.xml:15:18-44
24        <receiver
24-->src\main\AndroidManifest.xml:17:9-22:20
25            android:name="com.radaee.Broadcast.MyBroadcast"
25-->src\main\AndroidManifest.xml:17:19-66
26            android:exported="false" >
26-->src\main\AndroidManifest.xml:18:13-37
27            <intent-filter>
27-->src\main\AndroidManifest.xml:19:13-21:29
28                <action android:name="StudentsName" />
28-->src\main\AndroidManifest.xml:20:17-54
28-->src\main\AndroidManifest.xml:20:25-52
29            </intent-filter>
30        </receiver>
31    </application>
32
33</manifest>